mode: set
github.com/yanosea/gct/app/config/config.go:20.17,26.2 1 0
github.com/yanosea/gct/app/config/config.go:35.48,39.54 2 0
github.com/yanosea/gct/app/config/config.go:39.54,45.3 1 0
github.com/yanosea/gct/app/config/config.go:48.2,48.24 1 0
github.com/yanosea/gct/app/config/config.go:48.24,50.17 2 0
github.com/yanosea/gct/app/config/config.go:50.17,56.4 1 0
github.com/yanosea/gct/app/config/config.go:57.3,57.29 1 0
github.com/yanosea/gct/app/config/config.go:61.2,61.55 1 0
github.com/yanosea/gct/app/config/config.go:61.55,63.3 1 0
github.com/yanosea/gct/app/config/config.go:65.2,65.18 1 0
github.com/yanosea/gct/app/config/config.go:69.81,71.22 1 0
github.com/yanosea/gct/app/config/config.go:71.22,77.3 1 0
github.com/yanosea/gct/app/config/config.go:80.2,81.60 2 0
github.com/yanosea/gct/app/config/config.go:81.60,87.3 1 0
github.com/yanosea/gct/app/config/config.go:89.2,89.12 1 0
github.com/yanosea/gct/app/config/config.go:94.93,96.71 1 0
github.com/yanosea/gct/app/config/config.go:96.71,98.3 1 0
github.com/yanosea/gct/app/config/config.go:101.2,102.16 2 0
github.com/yanosea/gct/app/config/config.go:102.16,104.3 1 0
github.com/yanosea/gct/app/config/config.go:106.2,106.81 1 0
github.com/yanosea/gct/app/config/config.go:110.64,111.66 1 0
github.com/yanosea/gct/app/config/config.go:111.66,112.63 1 0
github.com/yanosea/gct/app/config/config.go:112.63,114.4 1 0
github.com/yanosea/gct/app/config/config.go:115.8,115.27 1 0
github.com/yanosea/gct/app/config/config.go:115.27,117.3 1 0
github.com/yanosea/gct/app/config/config.go:119.2,119.12 1 0
github.com/yanosea/gct/app/application/add_todo_usecase.go:13.74,17.2 1 0
github.com/yanosea/gct/app/application/add_todo_usecase.go:20.73,22.57 1 0
github.com/yanosea/gct/app/application/add_todo_usecase.go:22.57,24.3 1 0
github.com/yanosea/gct/app/application/add_todo_usecase.go:27.2,28.16 2 0
github.com/yanosea/gct/app/application/add_todo_usecase.go:28.16,30.3 1 0
github.com/yanosea/gct/app/application/add_todo_usecase.go:33.2,34.16 2 0
github.com/yanosea/gct/app/application/add_todo_usecase.go:34.16,36.3 1 0
github.com/yanosea/gct/app/application/add_todo_usecase.go:38.2,38.26 1 0
github.com/yanosea/gct/app/application/add_todo_usecase.go:38.26,44.3 1 0
github.com/yanosea/gct/app/application/add_todo_usecase.go:46.2,46.28 1 0
github.com/yanosea/gct/app/application/add_todo_usecase.go:50.52,51.23 1 0
github.com/yanosea/gct/app/application/add_todo_usecase.go:51.23,53.3 1 0
github.com/yanosea/gct/app/application/add_todo_usecase.go:55.2,55.28 1 0
github.com/yanosea/gct/app/application/add_todo_usecase.go:55.28,61.3 1 0
github.com/yanosea/gct/app/application/add_todo_usecase.go:63.2,63.12 1 0
github.com/yanosea/gct/app/application/delete_todo_usecase.go:13.80,17.2 1 0
github.com/yanosea/gct/app/application/delete_todo_usecase.go:20.48,22.13 1 0
github.com/yanosea/gct/app/application/delete_todo_usecase.go:22.13,28.3 1 0
github.com/yanosea/gct/app/application/delete_todo_usecase.go:31.2,32.16 2 0
github.com/yanosea/gct/app/application/delete_todo_usecase.go:32.16,34.3 1 0
github.com/yanosea/gct/app/application/delete_todo_usecase.go:36.2,36.12 1 0
github.com/yanosea/gct/app/application/list_todo_usecase.go:13.76,17.2 1 0
github.com/yanosea/gct/app/application/list_todo_usecase.go:20.57,23.16 2 0
github.com/yanosea/gct/app/application/list_todo_usecase.go:23.16,25.3 1 0
github.com/yanosea/gct/app/application/list_todo_usecase.go:28.2,28.19 1 0
github.com/yanosea/gct/app/application/toggle_todo_usecase.go:13.80,17.2 1 0
github.com/yanosea/gct/app/application/toggle_todo_usecase.go:20.64,22.13 1 0
github.com/yanosea/gct/app/application/toggle_todo_usecase.go:22.13,28.3 1 0
github.com/yanosea/gct/app/application/toggle_todo_usecase.go:31.2,32.16 2 0
github.com/yanosea/gct/app/application/toggle_todo_usecase.go:32.16,34.3 1 0
github.com/yanosea/gct/app/application/toggle_todo_usecase.go:37.2,38.29 2 0
github.com/yanosea/gct/app/application/toggle_todo_usecase.go:38.29,39.20 1 0
github.com/yanosea/gct/app/application/toggle_todo_usecase.go:39.20,41.9 2 0
github.com/yanosea/gct/app/application/toggle_todo_usecase.go:45.2,45.25 1 0
github.com/yanosea/gct/app/application/toggle_todo_usecase.go:45.25,47.3 1 0
github.com/yanosea/gct/app/application/toggle_todo_usecase.go:50.2,54.16 3 0
github.com/yanosea/gct/app/application/toggle_todo_usecase.go:54.16,56.3 1 0
github.com/yanosea/gct/app/application/toggle_todo_usecase.go:58.2,58.26 1 0
github.com/yanosea/gct/app/application/toggle_todo_usecase.go:58.26,64.3 1 0
github.com/yanosea/gct/app/application/toggle_todo_usecase.go:66.2,66.28 1 0
github.com/yanosea/gct/app/infrastructure/json_repository.go:25.19,33.2 1 0
github.com/yanosea/gct/app/infrastructure/json_repository.go:36.59,38.69 1 0
github.com/yanosea/gct/app/infrastructure/json_repository.go:38.69,41.3 1 0
github.com/yanosea/gct/app/infrastructure/json_repository.go:41.8,41.23 1 0
github.com/yanosea/gct/app/infrastructure/json_repository.go:41.23,47.3 1 0
github.com/yanosea/gct/app/infrastructure/json_repository.go:50.2,51.16 2 0
github.com/yanosea/gct/app/infrastructure/json_repository.go:51.16,57.3 1 0
github.com/yanosea/gct/app/infrastructure/json_repository.go:58.2,62.68 3 0
github.com/yanosea/gct/app/infrastructure/json_repository.go:62.68,68.3 1 0
github.com/yanosea/gct/app/infrastructure/json_repository.go:71.2,71.47 1 0
github.com/yanosea/gct/app/infrastructure/json_repository.go:71.47,73.3 1 0
github.com/yanosea/gct/app/infrastructure/json_repository.go:75.2,75.19 1 0
github.com/yanosea/gct/app/infrastructure/json_repository.go:79.76,80.21 1 0
github.com/yanosea/gct/app/infrastructure/json_repository.go:80.21,82.3 1 0
github.com/yanosea/gct/app/infrastructure/json_repository.go:85.2,86.16 2 0
github.com/yanosea/gct/app/infrastructure/json_repository.go:86.16,88.3 1 0
github.com/yanosea/gct/app/infrastructure/json_repository.go:91.2,92.37 2 0
github.com/yanosea/gct/app/infrastructure/json_repository.go:92.37,94.3 1 0
github.com/yanosea/gct/app/infrastructure/json_repository.go:97.2,100.29 3 0
github.com/yanosea/gct/app/infrastructure/json_repository.go:100.29,101.19 1 0
github.com/yanosea/gct/app/infrastructure/json_repository.go:101.19,105.4 2 0
github.com/yanosea/gct/app/infrastructure/json_repository.go:105.9,107.46 1 0
github.com/yanosea/gct/app/infrastructure/json_repository.go:107.46,109.5 1 0
github.com/yanosea/gct/app/infrastructure/json_repository.go:113.3,114.40 2 0
github.com/yanosea/gct/app/infrastructure/json_repository.go:118.2,119.31 2 0
github.com/yanosea/gct/app/infrastructure/json_repository.go:119.31,121.3 1 0
github.com/yanosea/gct/app/infrastructure/json_repository.go:124.2,124.50 1 0
github.com/yanosea/gct/app/infrastructure/json_repository.go:124.50,126.3 1 0
github.com/yanosea/gct/app/infrastructure/json_repository.go:129.2,129.48 1 0
github.com/yanosea/gct/app/infrastructure/json_repository.go:129.48,131.3 1 0
github.com/yanosea/gct/app/infrastructure/json_repository.go:133.2,133.24 1 0
github.com/yanosea/gct/app/infrastructure/json_repository.go:137.51,140.16 2 0
github.com/yanosea/gct/app/infrastructure/json_repository.go:140.16,142.3 1 0
github.com/yanosea/gct/app/infrastructure/json_repository.go:145.2,147.37 3 0
github.com/yanosea/gct/app/infrastructure/json_repository.go:147.37,148.20 1 0
github.com/yanosea/gct/app/infrastructure/json_repository.go:148.20,150.12 2 0
github.com/yanosea/gct/app/infrastructure/json_repository.go:152.3,152.44 1 0
github.com/yanosea/gct/app/infrastructure/json_repository.go:155.2,155.12 1 0
github.com/yanosea/gct/app/infrastructure/json_repository.go:155.12,157.3 1 0
github.com/yanosea/gct/app/infrastructure/json_repository.go:160.2,160.30 1 0
github.com/yanosea/gct/app/infrastructure/json_repository.go:160.30,162.3 1 0
github.com/yanosea/gct/app/infrastructure/json_repository.go:165.2,165.36 1 0
github.com/yanosea/gct/app/infrastructure/json_repository.go:169.61,170.21 1 0
github.com/yanosea/gct/app/infrastructure/json_repository.go:170.21,172.3 1 0
github.com/yanosea/gct/app/infrastructure/json_repository.go:174.2,175.29 2 0
github.com/yanosea/gct/app/infrastructure/json_repository.go:175.29,176.22 1 0
github.com/yanosea/gct/app/infrastructure/json_repository.go:176.22,178.4 1 0
github.com/yanosea/gct/app/infrastructure/json_repository.go:181.2,181.18 1 0
github.com/yanosea/gct/app/infrastructure/json_repository.go:185.65,188.58 2 0
github.com/yanosea/gct/app/infrastructure/json_repository.go:188.58,194.3 1 0
github.com/yanosea/gct/app/infrastructure/json_repository.go:197.2,198.16 2 0
github.com/yanosea/gct/app/infrastructure/json_repository.go:198.16,204.3 1 0
github.com/yanosea/gct/app/infrastructure/json_repository.go:205.2,210.46 4 0
github.com/yanosea/gct/app/infrastructure/json_repository.go:210.46,216.3 1 0
github.com/yanosea/gct/app/infrastructure/json_repository.go:218.2,218.12 1 0
github.com/yanosea/gct/app/domain/errors.go:53.75,56.2 2 0
github.com/yanosea/gct/app/domain/errors.go:59.37,60.12 1 0
github.com/yanosea/gct/app/domain/errors.go:61.25,62.20 1 0
github.com/yanosea/gct/app/domain/errors.go:63.29,64.24 1 0
github.com/yanosea/gct/app/domain/errors.go:65.27,66.22 1 0
github.com/yanosea/gct/app/domain/errors.go:67.21,68.16 1 0
github.com/yanosea/gct/app/domain/errors.go:69.30,70.25 1 0
github.com/yanosea/gct/app/domain/errors.go:71.29,72.24 1 0
github.com/yanosea/gct/app/domain/errors.go:73.10,74.19 1 0
github.com/yanosea/gct/app/domain/errors.go:79.84,85.2 1 0
github.com/yanosea/gct/app/domain/errors.go:88.38,89.20 1 0
github.com/yanosea/gct/app/domain/errors.go:89.20,91.3 1 0
github.com/yanosea/gct/app/domain/errors.go:92.2,92.59 1 0
github.com/yanosea/gct/app/domain/errors.go:96.38,98.2 1 0
github.com/yanosea/gct/app/domain/errors.go:101.45,102.40 1 0
github.com/yanosea/gct/app/domain/errors.go:102.40,104.3 1 0
github.com/yanosea/gct/app/domain/errors.go:105.2,105.14 1 0
github.com/yanosea/gct/app/domain/errors.go:109.36,112.2 2 0
github.com/yanosea/gct/app/domain/errors.go:115.40,117.30 2 0
github.com/yanosea/gct/app/domain/errors.go:117.30,119.3 1 0
github.com/yanosea/gct/app/domain/errors.go:120.2,120.31 1 0
github.com/yanosea/gct/app/domain/errors.go:124.38,126.2 1 0
github.com/yanosea/gct/app/domain/errors.go:129.42,131.2 1 0
github.com/yanosea/gct/app/domain/errors.go:134.40,136.2 1 0
github.com/yanosea/gct/app/domain/errors.go:139.34,141.2 1 0
github.com/yanosea/gct/app/domain/errors.go:144.43,146.2 1 0
github.com/yanosea/gct/app/domain/errors.go:149.42,151.2 1 0
github.com/yanosea/gct/app/domain/repository_mock.go:31.73,35.2 3 0
github.com/yanosea/gct/app/domain/repository_mock.go:38.71,40.2 1 0
github.com/yanosea/gct/app/domain/repository_mock.go:43.55,48.2 4 0
github.com/yanosea/gct/app/domain/repository_mock.go:51.75,54.2 2 0
github.com/yanosea/gct/app/domain/repository_mock.go:57.56,63.2 5 0
github.com/yanosea/gct/app/domain/repository_mock.go:66.66,69.2 2 0
github.com/yanosea/gct/app/domain/repository_mock.go:72.66,75.26 3 0
github.com/yanosea/gct/app/domain/repository_mock.go:75.26,77.3 1 0
github.com/yanosea/gct/app/domain/repository_mock.go:78.2,81.19 4 0
github.com/yanosea/gct/app/domain/repository_mock.go:85.75,88.2 2 0
github.com/yanosea/gct/app/domain/todo.go:34.3,39.2 4 0
github.com/yanosea/gct/app/domain/todo.go:42.57,43.57 1 0
github.com/yanosea/gct/app/domain/todo.go:43.57,45.3 1 0
github.com/yanosea/gct/app/domain/todo.go:47.2,54.8 2 0
github.com/yanosea/gct/app/domain/todo.go:58.25,61.2 2 0
github.com/yanosea/gct/app/domain/todo.go:64.60,65.57 1 0
github.com/yanosea/gct/app/domain/todo.go:65.57,67.3 1 0
github.com/yanosea/gct/app/domain/todo.go:69.2,71.12 3 0
github.com/yanosea/gct/app/domain/todo.go:75.33,76.15 1 0
github.com/yanosea/gct/app/domain/todo.go:76.15,78.3 1 0
github.com/yanosea/gct/app/domain/todo.go:80.2,80.59 1 0
github.com/yanosea/gct/app/domain/todo.go:80.59,82.3 1 0
github.com/yanosea/gct/app/domain/todo.go:84.2,84.26 1 0
github.com/yanosea/gct/app/domain/todo.go:84.26,86.3 1 0
github.com/yanosea/gct/app/domain/todo.go:88.2,88.26 1 0
github.com/yanosea/gct/app/domain/todo.go:88.26,90.3 1 0
github.com/yanosea/gct/app/domain/todo.go:92.2,92.37 1 0
github.com/yanosea/gct/app/domain/todo.go:92.37,94.3 1 0
github.com/yanosea/gct/app/domain/todo.go:96.2,96.12 1 0
github.com/yanosea/gct/app/domain/todo.go:100.52,102.19 2 0
github.com/yanosea/gct/app/domain/todo.go:102.19,104.3 1 0
github.com/yanosea/gct/app/domain/todo.go:106.2,106.24 1 0
github.com/yanosea/gct/app/domain/todo.go:106.24,108.3 1 0
github.com/yanosea/gct/app/domain/todo.go:110.2,110.12 1 0
github.com/yanosea/gct/app/domain/todo.go:114.32,116.12 2 0
github.com/yanosea/gct/app/domain/todo.go:116.12,118.3 1 0
github.com/yanosea/gct/app/domain/todo.go:119.2,119.62 1 0
github.com/yanosea/gct/app/domain/todo.go:123.46,134.2 2 0
github.com/yanosea/gct/app/domain/todo.go:137.49,147.50 3 0
github.com/yanosea/gct/app/domain/todo.go:147.50,149.3 1 0
github.com/yanosea/gct/app/domain/todo.go:151.2,153.16 3 0
github.com/yanosea/gct/app/domain/todo.go:153.16,155.3 1 0
github.com/yanosea/gct/app/domain/todo.go:157.2,158.16 2 0
github.com/yanosea/gct/app/domain/todo.go:158.16,160.3 1 0
github.com/yanosea/gct/app/domain/todo.go:162.2,162.21 1 0
github.com/yanosea/gct/app/container/container.go:49.41,91.16 6 0
github.com/yanosea/gct/app/container/container.go:91.16,93.3 1 0
github.com/yanosea/gct/app/container/container.go:96.2,119.23 4 0
github.com/yanosea/gct/app/container/container.go:123.45,125.2 1 0
github.com/yanosea/gct/app/container/container.go:128.59,130.2 1 0
github.com/yanosea/gct/app/container/container.go:133.48,135.2 1 0
github.com/yanosea/gct/app/container/container.go:138.43,140.2 1 0
github.com/yanosea/gct/app/presentation/cli/gct/commands/command.go:12.49,15.16 2 0
github.com/yanosea/gct/app/presentation/cli/gct/commands/command.go:15.16,17.3 1 0
github.com/yanosea/gct/app/presentation/cli/gct/commands/command.go:20.2,35.21 3 0
github.com/yanosea/gct/app/presentation/cli/gct/commands/root.go:18.17,47.65 13 0
github.com/yanosea/gct/app/presentation/cli/gct/commands/root.go:47.65,49.3 1 0
github.com/yanosea/gct/app/presentation/cli/gct/commands/root.go:51.2,51.12 1 0
github.com/yanosea/gct/app/presentation/cli/gct/commands/root.go:55.58,60.2 2 0
github.com/yanosea/gct/app/presentation/cli/gct/main.go:9.13,12.16 2 0
github.com/yanosea/gct/app/presentation/cli/gct/main.go:12.16,14.3 1 0
github.com/yanosea/gct/app/presentation/cli/gct/main.go:17.2,17.38 1 0
github.com/yanosea/gct/app/presentation/cli/gct/main.go:17.38,19.3 1 0
github.com/yanosea/gct/app/presentation/cli/gct/commands/gct/add.go:17.17,25.58 8 0
github.com/yanosea/gct/app/presentation/cli/gct/commands/gct/add.go:25.58,27.3 1 0
github.com/yanosea/gct/app/presentation/cli/gct/commands/gct/add.go:29.2,29.12 1 0
github.com/yanosea/gct/app/presentation/cli/gct/commands/gct/add.go:37.9,39.16 2 0
github.com/yanosea/gct/app/presentation/cli/gct/commands/gct/add.go:39.16,42.3 2 0
github.com/yanosea/gct/app/presentation/cli/gct/commands/gct/add.go:44.2,45.12 2 0
github.com/yanosea/gct/app/presentation/cli/gct/commands/gct/delete.go:17.17,25.58 8 0
github.com/yanosea/gct/app/presentation/cli/gct/commands/gct/delete.go:25.58,27.3 1 0
github.com/yanosea/gct/app/presentation/cli/gct/commands/gct/delete.go:29.2,29.12 1 0
github.com/yanosea/gct/app/presentation/cli/gct/commands/gct/delete.go:38.9,41.16 2 0
github.com/yanosea/gct/app/presentation/cli/gct/commands/gct/delete.go:41.16,44.3 2 0
github.com/yanosea/gct/app/presentation/cli/gct/commands/gct/delete.go:47.2,47.13 1 0
github.com/yanosea/gct/app/presentation/cli/gct/commands/gct/delete.go:47.13,50.3 2 0
github.com/yanosea/gct/app/presentation/cli/gct/commands/gct/delete.go:53.2,54.16 2 0
github.com/yanosea/gct/app/presentation/cli/gct/commands/gct/delete.go:54.16,57.3 2 0
github.com/yanosea/gct/app/presentation/cli/gct/commands/gct/delete.go:59.2,60.12 2 0
github.com/yanosea/gct/app/presentation/cli/gct/commands/gct/list.go:17.17,30.65 8 0
github.com/yanosea/gct/app/presentation/cli/gct/commands/gct/list.go:30.65,32.3 1 0
github.com/yanosea/gct/app/presentation/cli/gct/commands/gct/list.go:34.2,34.12 1 0
github.com/yanosea/gct/app/presentation/cli/gct/commands/gct/list.go:42.9,44.16 2 0
github.com/yanosea/gct/app/presentation/cli/gct/commands/gct/list.go:44.16,47.3 2 0
github.com/yanosea/gct/app/presentation/cli/gct/commands/gct/list.go:49.2,49.49 1 0
github.com/yanosea/gct/app/presentation/cli/gct/commands/gct/toggle.go:17.17,25.65 8 0
github.com/yanosea/gct/app/presentation/cli/gct/commands/gct/toggle.go:25.65,27.3 1 0
github.com/yanosea/gct/app/presentation/cli/gct/commands/gct/toggle.go:29.2,29.12 1 0
github.com/yanosea/gct/app/presentation/cli/gct/commands/gct/toggle.go:38.9,41.16 2 0
github.com/yanosea/gct/app/presentation/cli/gct/commands/gct/toggle.go:41.16,44.3 2 0
github.com/yanosea/gct/app/presentation/cli/gct/commands/gct/toggle.go:47.2,47.13 1 0
github.com/yanosea/gct/app/presentation/cli/gct/commands/gct/toggle.go:47.13,50.3 2 0
github.com/yanosea/gct/app/presentation/cli/gct/commands/gct/toggle.go:53.2,54.16 2 0
github.com/yanosea/gct/app/presentation/cli/gct/commands/gct/toggle.go:54.16,57.3 2 0
github.com/yanosea/gct/app/presentation/cli/gct/commands/gct/toggle.go:59.2,60.12 2 0
github.com/yanosea/gct/app/presentation/cli/gct/commands/gct/completion/bash.go:10.92,17.55 7 0
github.com/yanosea/gct/app/presentation/cli/gct/commands/gct/completion/bash.go:17.55,19.3 1 0
github.com/yanosea/gct/app/presentation/cli/gct/commands/gct/completion/bash.go:21.2,21.12 1 0
github.com/yanosea/gct/app/presentation/cli/gct/commands/gct/completion/bash.go:24.53,26.2 1 0
github.com/yanosea/gct/app/presentation/cli/gct/commands/gct/completion/completion.go:18.17,29.62 11 0
github.com/yanosea/gct/app/presentation/cli/gct/commands/gct/completion/completion.go:29.62,31.3 1 0
github.com/yanosea/gct/app/presentation/cli/gct/commands/gct/completion/completion.go:33.2,33.12 1 0
github.com/yanosea/gct/app/presentation/cli/gct/commands/gct/completion/completion.go:36.62,40.2 2 0
github.com/yanosea/gct/app/presentation/cli/gct/commands/gct/completion/fish.go:10.92,17.55 7 0
github.com/yanosea/gct/app/presentation/cli/gct/commands/gct/completion/fish.go:17.55,19.3 1 0
github.com/yanosea/gct/app/presentation/cli/gct/commands/gct/completion/fish.go:21.2,21.12 1 0
github.com/yanosea/gct/app/presentation/cli/gct/commands/gct/completion/fish.go:24.53,26.2 1 0
github.com/yanosea/gct/app/presentation/cli/gct/commands/gct/completion/powershell.go:10.98,17.55 7 0
github.com/yanosea/gct/app/presentation/cli/gct/commands/gct/completion/powershell.go:17.55,19.3 1 0
github.com/yanosea/gct/app/presentation/cli/gct/commands/gct/completion/powershell.go:21.2,21.12 1 0
github.com/yanosea/gct/app/presentation/cli/gct/commands/gct/completion/powershell.go:24.59,26.2 1 0
github.com/yanosea/gct/app/presentation/cli/gct/commands/gct/completion/zsh.go:10.91,17.55 7 0
github.com/yanosea/gct/app/presentation/cli/gct/commands/gct/completion/zsh.go:17.55,19.3 1 0
github.com/yanosea/gct/app/presentation/cli/gct/commands/gct/completion/zsh.go:21.2,21.12 1 0
github.com/yanosea/gct/app/presentation/cli/gct/commands/gct/completion/zsh.go:24.52,26.2 1 0
github.com/yanosea/gct/app/presentation/tui/gct-tui/main.go:9.13,12.16 2 0
github.com/yanosea/gct/app/presentation/tui/gct-tui/main.go:12.16,14.3 1 0
github.com/yanosea/gct/app/presentation/tui/gct-tui/main.go:17.2,17.38 1 0
github.com/yanosea/gct/app/presentation/tui/gct-tui/main.go:17.38,19.3 1 0
github.com/yanosea/gct/app/presentation/tui/gct-tui/program/program.go:10.48,13.16 2 0
github.com/yanosea/gct/app/presentation/tui/gct-tui/program/program.go:13.16,15.3 1 0
github.com/yanosea/gct/app/presentation/tui/gct-tui/program/program.go:18.2,37.21 5 0
github.com/yanosea/gct/app/presentation/cli/gct/presenter/presenter.go:33.18,42.2 1 0
github.com/yanosea/gct/app/presentation/cli/gct/presenter/presenter.go:45.59,47.2 1 0
github.com/yanosea/gct/app/presentation/cli/gct/presenter/presenter.go:50.83,53.16 2 0
github.com/yanosea/gct/app/presentation/cli/gct/presenter/presenter.go:54.14,55.30 1 0
github.com/yanosea/gct/app/presentation/cli/gct/presenter/presenter.go:56.15,57.31 1 0
github.com/yanosea/gct/app/presentation/cli/gct/presenter/presenter.go:58.15,59.31 1 0
github.com/yanosea/gct/app/presentation/cli/gct/presenter/presenter.go:60.10,61.31 1 0
github.com/yanosea/gct/app/presentation/cli/gct/presenter/presenter.go:64.2,65.16 2 0
github.com/yanosea/gct/app/presentation/cli/gct/presenter/presenter.go:65.16,67.3 1 0
github.com/yanosea/gct/app/presentation/cli/gct/presenter/presenter.go:69.2,70.12 2 0
github.com/yanosea/gct/app/presentation/cli/gct/presenter/presenter.go:74.62,76.15 2 0
github.com/yanosea/gct/app/presentation/cli/gct/presenter/presenter.go:76.15,78.3 1 0
github.com/yanosea/gct/app/presentation/cli/gct/presenter/presenter.go:79.2,79.84 1 0
github.com/yanosea/gct/app/presentation/cli/gct/presenter/presenter.go:83.55,85.2 1 0
github.com/yanosea/gct/app/presentation/cli/gct/presenter/presenter.go:88.46,89.16 1 0
github.com/yanosea/gct/app/presentation/cli/gct/presenter/presenter.go:89.16,91.3 1 0
github.com/yanosea/gct/app/presentation/cli/gct/presenter/presenter.go:93.2,94.39 2 0
github.com/yanosea/gct/app/presentation/cli/gct/presenter/presenter.go:94.39,95.25 1 0
github.com/yanosea/gct/app/presentation/cli/gct/presenter/presenter.go:96.33,97.55 1 0
github.com/yanosea/gct/app/presentation/cli/gct/presenter/presenter.go:98.37,99.55 1 0
github.com/yanosea/gct/app/presentation/cli/gct/presenter/presenter.go:100.35,101.67 1 0
github.com/yanosea/gct/app/presentation/cli/gct/presenter/presenter.go:102.29,103.60 1 0
github.com/yanosea/gct/app/presentation/cli/gct/presenter/presenter.go:104.38,105.69 1 0
github.com/yanosea/gct/app/presentation/cli/gct/presenter/presenter.go:106.37,107.69 1 0
github.com/yanosea/gct/app/presentation/cli/gct/presenter/presenter.go:108.11,109.63 1 0
github.com/yanosea/gct/app/presentation/cli/gct/presenter/presenter.go:111.8,113.3 1 0
github.com/yanosea/gct/app/presentation/cli/gct/presenter/presenter.go:117.61,119.2 1 0
github.com/yanosea/gct/app/presentation/cli/gct/formatter/json.go:15.60,19.2 1 0
github.com/yanosea/gct/app/presentation/cli/gct/formatter/json.go:22.69,24.16 2 0
github.com/yanosea/gct/app/presentation/cli/gct/formatter/json.go:24.16,30.3 1 0
github.com/yanosea/gct/app/presentation/cli/gct/formatter/json.go:32.2,32.26 1 0
github.com/yanosea/gct/app/presentation/cli/gct/formatter/plain.go:21.19,27.2 1 0
github.com/yanosea/gct/app/presentation/cli/gct/formatter/plain.go:30.70,31.21 1 0
github.com/yanosea/gct/app/presentation/cli/gct/formatter/plain.go:31.21,33.3 1 0
github.com/yanosea/gct/app/presentation/cli/gct/formatter/plain.go:35.2,37.29 2 0
github.com/yanosea/gct/app/presentation/cli/gct/formatter/plain.go:37.29,40.3 2 0
github.com/yanosea/gct/app/presentation/cli/gct/formatter/plain.go:42.2,43.46 2 0
github.com/yanosea/gct/app/presentation/cli/gct/formatter/plain.go:47.66,50.15 2 0
github.com/yanosea/gct/app/presentation/cli/gct/formatter/plain.go:50.15,52.3 1 0
github.com/yanosea/gct/app/presentation/cli/gct/formatter/plain.go:55.2,59.3 1 0
github.com/yanosea/gct/app/presentation/cli/gct/formatter/table.go:16.112,22.2 1 0
github.com/yanosea/gct/app/presentation/cli/gct/formatter/table.go:25.70,26.21 1 0
github.com/yanosea/gct/app/presentation/cli/gct/formatter/table.go:26.21,28.3 1 0
github.com/yanosea/gct/app/presentation/cli/gct/formatter/table.go:30.2,44.29 6 0
github.com/yanosea/gct/app/presentation/cli/gct/formatter/table.go:44.29,47.3 2 0
github.com/yanosea/gct/app/presentation/cli/gct/formatter/table.go:49.2,49.47 1 0
github.com/yanosea/gct/app/presentation/cli/gct/formatter/table.go:53.73,72.2 8 0
github.com/yanosea/gct/app/presentation/cli/gct/formatter/table.go:75.66,79.15 3 0
github.com/yanosea/gct/app/presentation/cli/gct/formatter/table.go:79.15,82.3 2 0
github.com/yanosea/gct/app/presentation/cli/gct/formatter/table.go:82.8,85.3 2 0
github.com/yanosea/gct/app/presentation/cli/gct/formatter/table.go:87.2,87.73 1 0
github.com/yanosea/gct/app/presentation/tui/gct-tui/update/handler.go:15.83,19.27 2 0
github.com/yanosea/gct/app/presentation/tui/gct-tui/update/handler.go:20.25,21.43 1 0
github.com/yanosea/gct/app/presentation/tui/gct-tui/update/handler.go:22.18,23.42 1 0
github.com/yanosea/gct/app/presentation/tui/gct-tui/update/handler.go:24.28,25.55 1 0
github.com/yanosea/gct/app/presentation/tui/gct-tui/update/handler.go:26.26,27.53 1 0
github.com/yanosea/gct/app/presentation/tui/gct-tui/update/handler.go:28.28,29.55 1 0
github.com/yanosea/gct/app/presentation/tui/gct-tui/update/handler.go:30.28,31.55 1 0
github.com/yanosea/gct/app/presentation/tui/gct-tui/update/handler.go:32.28,33.55 1 0
github.com/yanosea/gct/app/presentation/tui/gct-tui/update/handler.go:34.22,35.49 1 0
github.com/yanosea/gct/app/presentation/tui/gct-tui/update/handler.go:36.18,37.51 1 0
github.com/yanosea/gct/app/presentation/tui/gct-tui/update/handler.go:38.21,39.54 1 0
github.com/yanosea/gct/app/presentation/tui/gct-tui/update/handler.go:40.26,41.59 1 0
github.com/yanosea/gct/app/presentation/tui/gct-tui/update/handler.go:42.24,43.57 1 0
github.com/yanosea/gct/app/presentation/tui/gct-tui/update/handler.go:44.27,45.60 1 0
github.com/yanosea/gct/app/presentation/tui/gct-tui/update/handler.go:49.2,49.81 1 0
github.com/yanosea/gct/app/presentation/tui/gct-tui/update/handler.go:49.81,51.3 1 0
github.com/yanosea/gct/app/presentation/tui/gct-tui/update/handler.go:53.2,53.57 1 0
github.com/yanosea/gct/app/presentation/tui/gct-tui/update/handler.go:57.96,60.2 2 0
github.com/yanosea/gct/app/presentation/tui/gct-tui/update/handler.go:63.87,69.2 4 0
github.com/yanosea/gct/app/presentation/tui/gct-tui/update/item.go:16.75,17.27 1 0
github.com/yanosea/gct/app/presentation/tui/gct-tui/update/item.go:18.18,19.42 1 0
github.com/yanosea/gct/app/presentation/tui/gct-tui/update/item.go:20.27,21.42 1 0
github.com/yanosea/gct/app/presentation/tui/gct-tui/update/item.go:22.25,23.40 1 0
github.com/yanosea/gct/app/presentation/tui/gct-tui/update/item.go:24.27,25.42 1 0
github.com/yanosea/gct/app/presentation/tui/gct-tui/update/item.go:26.27,27.42 1 0
github.com/yanosea/gct/app/presentation/tui/gct-tui/update/item.go:30.2,30.53 1 0
github.com/yanosea/gct/app/presentation/tui/gct-tui/update/item.go:34.84,35.29 1 0
github.com/yanosea/gct/app/presentation/tui/gct-tui/update/item.go:35.29,37.3 1 0
github.com/yanosea/gct/app/presentation/tui/gct-tui/update/item.go:39.2,39.22 1 0
github.com/yanosea/gct/app/presentation/tui/gct-tui/update/item.go:40.11,44.24 1 0
github.com/yanosea/gct/app/presentation/tui/gct-tui/update/item.go:44.24,46.5 1 0
github.com/yanosea/gct/app/presentation/tui/gct-tui/update/item.go:48.11,52.24 1 0
github.com/yanosea/gct/app/presentation/tui/gct-tui/update/item.go:52.24,54.5 1 0
github.com/yanosea/gct/app/presentation/tui/gct-tui/update/item.go:56.11,60.24 1 0
github.com/yanosea/gct/app/presentation/tui/gct-tui/update/item.go:60.24,62.5 1 0
github.com/yanosea/gct/app/presentation/tui/gct-tui/update/item.go:66.2,66.53 1 0
github.com/yanosea/gct/app/presentation/tui/gct-tui/update/item.go:70.93,71.35 1 0
github.com/yanosea/gct/app/presentation/tui/gct-tui/update/item.go:71.35,77.24 2 0
github.com/yanosea/gct/app/presentation/tui/gct-tui/update/item.go:77.24,82.5 1 0
github.com/yanosea/gct/app/presentation/tui/gct-tui/update/item.go:86.2,86.53 1 0
github.com/yanosea/gct/app/presentation/tui/gct-tui/update/item.go:90.89,91.35 1 0
github.com/yanosea/gct/app/presentation/tui/gct-tui/update/item.go:91.35,97.24 2 0
github.com/yanosea/gct/app/presentation/tui/gct-tui/update/item.go:97.24,102.5 1 0
github.com/yanosea/gct/app/presentation/tui/gct-tui/update/item.go:106.2,106.53 1 0
github.com/yanosea/gct/app/presentation/tui/gct-tui/update/item.go:110.93,111.35 1 0
github.com/yanosea/gct/app/presentation/tui/gct-tui/update/item.go:111.35,113.3 1 0
github.com/yanosea/gct/app/presentation/tui/gct-tui/update/item.go:115.2,115.53 1 0
github.com/yanosea/gct/app/presentation/tui/gct-tui/update/item.go:119.93,120.86 1 0
github.com/yanosea/gct/app/presentation/tui/gct-tui/update/item.go:120.86,126.24 2 0
github.com/yanosea/gct/app/presentation/tui/gct-tui/update/item.go:126.24,128.5 1 0
github.com/yanosea/gct/app/presentation/tui/gct-tui/update/item.go:132.2,132.53 1 0
github.com/yanosea/gct/app/presentation/tui/gct-tui/update/item.go:136.80,140.29 3 0
github.com/yanosea/gct/app/presentation/tui/gct-tui/update/item.go:140.29,142.24 2 0
github.com/yanosea/gct/app/presentation/tui/gct-tui/update/item.go:142.24,145.4 2 0
github.com/yanosea/gct/app/presentation/tui/gct-tui/update/item.go:148.2,148.26 1 0
github.com/yanosea/gct/app/presentation/tui/gct-tui/update/item.go:152.55,153.24 1 0
github.com/yanosea/gct/app/presentation/tui/gct-tui/update/item.go:153.24,155.3 1 0
github.com/yanosea/gct/app/presentation/tui/gct-tui/update/item.go:159.46,160.24 1 0
github.com/yanosea/gct/app/presentation/tui/gct-tui/update/item.go:160.24,162.3 1 0
github.com/yanosea/gct/app/presentation/tui/gct-tui/update/item.go:166.46,167.24 1 0
github.com/yanosea/gct/app/presentation/tui/gct-tui/update/item.go:167.24,169.3 1 0
github.com/yanosea/gct/app/presentation/tui/gct-tui/update/item.go:173.61,174.24 1 0
github.com/yanosea/gct/app/presentation/tui/gct-tui/update/item.go:174.24,176.3 1 0
github.com/yanosea/gct/app/presentation/tui/gct-tui/update/keyboard.go:9.88,10.27 1 0
github.com/yanosea/gct/app/presentation/tui/gct-tui/update/keyboard.go:11.24,12.47 1 0
github.com/yanosea/gct/app/presentation/tui/gct-tui/update/keyboard.go:13.23,14.46 1 0
github.com/yanosea/gct/app/presentation/tui/gct-tui/update/keyboard.go:15.22,16.45 1 0
github.com/yanosea/gct/app/presentation/tui/gct-tui/update/keyboard.go:17.30,18.53 1 0
github.com/yanosea/gct/app/presentation/tui/gct-tui/update/keyboard.go:21.2,21.57 1 0
github.com/yanosea/gct/app/presentation/tui/gct-tui/update/keyboard.go:25.93,26.22 1 0
github.com/yanosea/gct/app/presentation/tui/gct-tui/update/keyboard.go:27.21,28.63 1 0
github.com/yanosea/gct/app/presentation/tui/gct-tui/update/keyboard.go:30.17,32.58 2 0
github.com/yanosea/gct/app/presentation/tui/gct-tui/update/keyboard.go:34.19,36.58 2 0
github.com/yanosea/gct/app/presentation/tui/gct-tui/update/keyboard.go:38.11,40.58 2 0
github.com/yanosea/gct/app/presentation/tui/gct-tui/update/keyboard.go:42.11,44.58 2 0
github.com/yanosea/gct/app/presentation/tui/gct-tui/update/keyboard.go:46.11,47.78 1 0
github.com/yanosea/gct/app/presentation/tui/gct-tui/update/keyboard.go:49.11,51.58 2 0
github.com/yanosea/gct/app/presentation/tui/gct-tui/update/keyboard.go:53.11,54.111 1 0
github.com/yanosea/gct/app/presentation/tui/gct-tui/update/keyboard.go:54.111,56.4 1 0
github.com/yanosea/gct/app/presentation/tui/gct-tui/update/keyboard.go:57.3,57.58 1 0
github.com/yanosea/gct/app/presentation/tui/gct-tui/update/keyboard.go:59.11,60.111 1 0
github.com/yanosea/gct/app/presentation/tui/gct-tui/update/keyboard.go:60.111,62.19 2 0
github.com/yanosea/gct/app/presentation/tui/gct-tui/update/keyboard.go:62.19,67.5 1 0
github.com/yanosea/gct/app/presentation/tui/gct-tui/update/keyboard.go:69.3,69.58 1 0
github.com/yanosea/gct/app/presentation/tui/gct-tui/update/keyboard.go:71.11,72.77 1 0
github.com/yanosea/gct/app/presentation/tui/gct-tui/update/keyboard.go:74.13,76.58 2 0
github.com/yanosea/gct/app/presentation/tui/gct-tui/update/keyboard.go:79.2,79.57 1 0
github.com/yanosea/gct/app/presentation/tui/gct-tui/update/keyboard.go:83.92,84.22 1 0
github.com/yanosea/gct/app/presentation/tui/gct-tui/update/keyboard.go:85.15,87.24 2 0
github.com/yanosea/gct/app/presentation/tui/gct-tui/update/keyboard.go:87.24,90.4 2 0
github.com/yanosea/gct/app/presentation/tui/gct-tui/update/keyboard.go:91.3,91.58 1 0
github.com/yanosea/gct/app/presentation/tui/gct-tui/update/keyboard.go:93.13,95.58 2 0
github.com/yanosea/gct/app/presentation/tui/gct-tui/update/keyboard.go:98.2,98.57 1 0
github.com/yanosea/gct/app/presentation/tui/gct-tui/update/keyboard.go:102.91,103.22 1 0
github.com/yanosea/gct/app/presentation/tui/gct-tui/update/keyboard.go:104.15,106.24 2 0
github.com/yanosea/gct/app/presentation/tui/gct-tui/update/keyboard.go:106.24,108.4 1 0
github.com/yanosea/gct/app/presentation/tui/gct-tui/update/keyboard.go:109.3,109.58 1 0
github.com/yanosea/gct/app/presentation/tui/gct-tui/update/keyboard.go:111.13,113.58 2 0
github.com/yanosea/gct/app/presentation/tui/gct-tui/update/keyboard.go:116.2,116.57 1 0
github.com/yanosea/gct/app/presentation/tui/gct-tui/update/keyboard.go:120.99,121.22 1 0
github.com/yanosea/gct/app/presentation/tui/gct-tui/update/keyboard.go:122.16,123.87 1 0
github.com/yanosea/gct/app/presentation/tui/gct-tui/update/keyboard.go:125.23,127.58 2 0
github.com/yanosea/gct/app/presentation/tui/gct-tui/update/keyboard.go:130.2,130.57 1 0
github.com/yanosea/gct/app/presentation/tui/gct-tui/update/operations.go:12.48,14.2 1 0
github.com/yanosea/gct/app/presentation/tui/gct-tui/update/operations.go:17.123,19.33 2 0
github.com/yanosea/gct/app/presentation/tui/gct-tui/update/operations.go:19.33,21.3 1 0
github.com/yanosea/gct/app/presentation/tui/gct-tui/update/operations.go:22.2,22.57 1 0
github.com/yanosea/gct/app/presentation/tui/gct-tui/update/operations.go:26.119,29.2 1 0
github.com/yanosea/gct/app/presentation/tui/gct-tui/update/operations.go:32.123,34.47 1 0
github.com/yanosea/gct/app/presentation/tui/gct-tui/update/operations.go:34.47,35.68 1 0
github.com/yanosea/gct/app/presentation/tui/gct-tui/update/operations.go:35.68,37.9 2 0
github.com/yanosea/gct/app/presentation/tui/gct-tui/update/operations.go:40.2,40.57 1 0
github.com/yanosea/gct/app/presentation/tui/gct-tui/update/operations.go:44.123,47.2 1 0
github.com/yanosea/gct/app/presentation/tui/gct-tui/update/operations.go:50.123,52.47 1 0
github.com/yanosea/gct/app/presentation/tui/gct-tui/update/operations.go:52.47,53.68 1 0
github.com/yanosea/gct/app/presentation/tui/gct-tui/update/operations.go:53.68,55.9 2 0
github.com/yanosea/gct/app/presentation/tui/gct-tui/update/operations.go:58.2,59.57 2 0
github.com/yanosea/gct/app/presentation/tui/gct-tui/update/operations.go:63.111,67.2 3 0
github.com/yanosea/gct/app/presentation/tui/gct-tui/update/operations.go:70.109,72.2 1 0
github.com/yanosea/gct/app/presentation/tui/gct-tui/update/operations.go:75.115,77.47 1 0
github.com/yanosea/gct/app/presentation/tui/gct-tui/update/operations.go:77.47,78.63 1 0
github.com/yanosea/gct/app/presentation/tui/gct-tui/update/operations.go:78.63,83.9 2 0
github.com/yanosea/gct/app/presentation/tui/gct-tui/update/operations.go:86.2,86.57 1 0
github.com/yanosea/gct/app/presentation/tui/gct-tui/update/operations.go:90.125,92.47 1 0
github.com/yanosea/gct/app/presentation/tui/gct-tui/update/operations.go:92.47,93.63 1 0
github.com/yanosea/gct/app/presentation/tui/gct-tui/update/operations.go:93.63,99.4 1 0
github.com/yanosea/gct/app/presentation/tui/gct-tui/update/operations.go:101.2,101.57 1 0
github.com/yanosea/gct/app/presentation/tui/gct-tui/update/operations.go:105.121,106.17 1 0
github.com/yanosea/gct/app/presentation/tui/gct-tui/update/operations.go:106.17,108.48 1 0
github.com/yanosea/gct/app/presentation/tui/gct-tui/update/operations.go:108.48,109.64 1 0
github.com/yanosea/gct/app/presentation/tui/gct-tui/update/operations.go:109.64,112.10 3 0
github.com/yanosea/gct/app/presentation/tui/gct-tui/update/operations.go:115.8,117.3 1 0
github.com/yanosea/gct/app/presentation/tui/gct-tui/update/operations.go:118.2,118.57 1 0
github.com/yanosea/gct/app/presentation/tui/gct-tui/update/operations.go:122.127,125.2 1 0
github.com/yanosea/gct/app/presentation/tui/gct-tui/update/operations.go:128.59,129.24 1 0
github.com/yanosea/gct/app/presentation/tui/gct-tui/update/operations.go:129.24,131.3 1 0
github.com/yanosea/gct/app/presentation/tui/gct-tui/update/operations.go:135.74,136.24 1 0
github.com/yanosea/gct/app/presentation/tui/gct-tui/update/operations.go:136.24,138.3 1 0
github.com/yanosea/gct/app/presentation/tui/gct-tui/update/operations.go:142.86,143.24 1 0
github.com/yanosea/gct/app/presentation/tui/gct-tui/update/operations.go:143.24,145.3 1 0
github.com/yanosea/gct/app/presentation/tui/gct-tui/model/input.go:14.55,24.2 5 0
github.com/yanosea/gct/app/presentation/tui/gct-tui/model/input.go:27.50,29.2 1 0
github.com/yanosea/gct/app/presentation/tui/gct-tui/model/input.go:32.37,34.2 1 0
github.com/yanosea/gct/app/presentation/tui/gct-tui/model/input.go:37.45,39.2 1 0
github.com/yanosea/gct/app/presentation/tui/gct-tui/model/input.go:42.30,45.2 2 0
github.com/yanosea/gct/app/presentation/tui/gct-tui/model/input.go:48.29,51.2 2 0
github.com/yanosea/gct/app/presentation/tui/gct-tui/model/input.go:54.39,56.2 1 0
github.com/yanosea/gct/app/presentation/tui/gct-tui/model/input.go:59.30,61.2 1 0
github.com/yanosea/gct/app/presentation/tui/gct-tui/model/input.go:64.42,66.2 1 0
github.com/yanosea/gct/app/presentation/tui/gct-tui/model/input.go:69.57,71.2 1 0
github.com/yanosea/gct/app/presentation/tui/gct-tui/model/input.go:74.36,76.2 1 0
github.com/yanosea/gct/app/presentation/tui/gct-tui/model/item.go:16.49,22.2 1 0
github.com/yanosea/gct/app/presentation/tui/gct-tui/model/item.go:25.41,27.2 1 0
github.com/yanosea/gct/app/presentation/tui/gct-tui/model/item.go:30.48,32.2 1 0
github.com/yanosea/gct/app/presentation/tui/gct-tui/model/item.go:35.39,37.2 1 0
github.com/yanosea/gct/app/presentation/tui/gct-tui/model/item.go:40.48,42.2 1 0
github.com/yanosea/gct/app/presentation/tui/gct-tui/model/item.go:45.38,47.2 1 0
github.com/yanosea/gct/app/presentation/tui/gct-tui/model/item.go:50.46,52.2 1 0
github.com/yanosea/gct/app/presentation/tui/gct-tui/model/item.go:55.30,56.19 1 0
github.com/yanosea/gct/app/presentation/tui/gct-tui/model/item.go:56.19,58.3 1 0
github.com/yanosea/gct/app/presentation/tui/gct-tui/model/item.go:62.65,63.19 1 0
github.com/yanosea/gct/app/presentation/tui/gct-tui/model/item.go:63.19,65.3 1 0
github.com/yanosea/gct/app/presentation/tui/gct-tui/model/item.go:66.2,66.12 1 0
github.com/yanosea/gct/app/presentation/tui/gct-tui/model/item.go:70.36,72.2 1 0
github.com/yanosea/gct/app/presentation/tui/gct-tui/model/item.go:75.62,76.27 1 0
github.com/yanosea/gct/app/presentation/tui/gct-tui/model/item.go:77.18,78.29 1 0
github.com/yanosea/gct/app/presentation/tui/gct-tui/model/item.go:79.21,80.26 1 0
github.com/yanosea/gct/app/presentation/tui/gct-tui/model/item.go:80.26,82.4 1 0
github.com/yanosea/gct/app/presentation/tui/gct-tui/model/item.go:83.3,83.16 1 0
github.com/yanosea/gct/app/presentation/tui/gct-tui/model/item.go:84.19,85.26 1 0
github.com/yanosea/gct/app/presentation/tui/gct-tui/model/item.go:85.26,87.4 1 0
github.com/yanosea/gct/app/presentation/tui/gct-tui/model/item.go:88.3,88.16 1 0
github.com/yanosea/gct/app/presentation/tui/gct-tui/model/item.go:89.21,90.26 1 0
github.com/yanosea/gct/app/presentation/tui/gct-tui/model/item.go:90.26,92.4 1 0
github.com/yanosea/gct/app/presentation/tui/gct-tui/model/item.go:93.3,93.16 1 0
github.com/yanosea/gct/app/presentation/tui/gct-tui/model/item.go:95.2,95.15 1 0
github.com/yanosea/gct/app/presentation/tui/gct-tui/model/item.go:99.35,100.19 1 0
github.com/yanosea/gct/app/presentation/tui/gct-tui/model/item.go:100.19,102.3 1 0
github.com/yanosea/gct/app/presentation/tui/gct-tui/model/item.go:105.2,106.17 2 0
github.com/yanosea/gct/app/presentation/tui/gct-tui/model/item.go:106.17,108.3 1 0
github.com/yanosea/gct/app/presentation/tui/gct-tui/model/item.go:110.2,111.16 2 0
github.com/yanosea/gct/app/presentation/tui/gct-tui/model/item.go:111.16,113.3 1 0
github.com/yanosea/gct/app/presentation/tui/gct-tui/model/item.go:115.2,115.51 1 0
github.com/yanosea/gct/app/presentation/tui/gct-tui/model/item.go:119.71,120.17 1 0
github.com/yanosea/gct/app/presentation/tui/gct-tui/model/item.go:120.17,122.3 1 0
github.com/yanosea/gct/app/presentation/tui/gct-tui/model/item.go:124.2,124.22 1 0
github.com/yanosea/gct/app/presentation/tui/gct-tui/model/item.go:125.11,127.28 1 0
github.com/yanosea/gct/app/presentation/tui/gct-tui/model/item.go:127.28,129.4 1 0
github.com/yanosea/gct/app/presentation/tui/gct-tui/model/item.go:130.11,132.28 1 0
github.com/yanosea/gct/app/presentation/tui/gct-tui/model/item.go:132.28,134.4 1 0
github.com/yanosea/gct/app/presentation/tui/gct-tui/model/item.go:137.2,137.15 1 0
github.com/yanosea/gct/app/presentation/tui/gct-tui/model/mode.go:18.31,19.11 1 0
github.com/yanosea/gct/app/presentation/tui/gct-tui/model/mode.go:20.18,21.18 1 0
github.com/yanosea/gct/app/presentation/tui/gct-tui/model/mode.go:22.17,23.17 1 0
github.com/yanosea/gct/app/presentation/tui/gct-tui/model/mode.go:24.24,25.24 1 0
github.com/yanosea/gct/app/presentation/tui/gct-tui/model/mode.go:26.16,27.16 1 0
github.com/yanosea/gct/app/presentation/tui/gct-tui/model/mode.go:28.10,29.19 1 0
github.com/yanosea/gct/app/presentation/tui/gct-tui/model/navigation.go:10.44,15.2 1 0
github.com/yanosea/gct/app/presentation/tui/gct-tui/model/navigation.go:18.40,20.2 1 0
github.com/yanosea/gct/app/presentation/tui/gct-tui/model/navigation.go:23.59,24.16 1 0
github.com/yanosea/gct/app/presentation/tui/gct-tui/model/navigation.go:24.16,26.3 1 0
github.com/yanosea/gct/app/presentation/tui/gct-tui/model/navigation.go:27.2,27.24 1 0
github.com/yanosea/gct/app/presentation/tui/gct-tui/model/navigation.go:27.24,29.3 1 0
github.com/yanosea/gct/app/presentation/tui/gct-tui/model/navigation.go:30.2,30.16 1 0
github.com/yanosea/gct/app/presentation/tui/gct-tui/model/navigation.go:30.16,32.3 1 0
github.com/yanosea/gct/app/presentation/tui/gct-tui/model/navigation.go:33.2,33.19 1 0
github.com/yanosea/gct/app/presentation/tui/gct-tui/model/navigation.go:37.54,39.2 1 0
github.com/yanosea/gct/app/presentation/tui/gct-tui/model/navigation.go:42.56,44.2 1 0
github.com/yanosea/gct/app/presentation/tui/gct-tui/model/navigation.go:47.45,49.2 1 0
github.com/yanosea/gct/app/presentation/tui/gct-tui/model/navigation.go:52.60,53.18 1 0
github.com/yanosea/gct/app/presentation/tui/gct-tui/model/navigation.go:53.18,55.3 1 0
github.com/yanosea/gct/app/presentation/tui/gct-tui/model/navigation.go:55.8,57.3 1 0
github.com/yanosea/gct/app/presentation/tui/gct-tui/model/navigation.go:61.54,64.2 2 0
github.com/yanosea/gct/app/presentation/tui/gct-tui/model/navigation.go:67.65,68.14 1 0
github.com/yanosea/gct/app/presentation/tui/gct-tui/model/navigation.go:68.14,70.3 1 0
github.com/yanosea/gct/app/presentation/tui/gct-tui/model/navigation.go:70.8,72.3 1 0
github.com/yanosea/gct/app/presentation/tui/gct-tui/model/navigation.go:76.44,78.2 1 0
github.com/yanosea/gct/app/presentation/tui/gct-tui/model/navigation.go:81.54,83.32 2 0
github.com/yanosea/gct/app/presentation/tui/gct-tui/model/navigation.go:83.32,85.3 1 0
github.com/yanosea/gct/app/presentation/tui/gct-tui/model/navigation.go:86.2,86.16 1 0
github.com/yanosea/gct/app/presentation/tui/gct-tui/model/navigation.go:90.47,92.2 1 0
github.com/yanosea/gct/app/presentation/tui/gct-tui/model/state.go:44.15,57.2 1 0
github.com/yanosea/gct/app/presentation/tui/gct-tui/model/state.go:60.43,62.2 1 0
github.com/yanosea/gct/app/presentation/tui/gct-tui/model/state.go:65.51,69.2 2 0
github.com/yanosea/gct/app/presentation/tui/gct-tui/model/state.go:72.42,73.24 1 0
github.com/yanosea/gct/app/presentation/tui/gct-tui/model/state.go:73.24,75.17 2 0
github.com/yanosea/gct/app/presentation/tui/gct-tui/model/state.go:75.17,77.4 1 0
github.com/yanosea/gct/app/presentation/tui/gct-tui/model/state.go:79.3,80.30 2 0
github.com/yanosea/gct/app/presentation/tui/gct-tui/model/state.go:80.30,82.4 1 0
github.com/yanosea/gct/app/presentation/tui/gct-tui/model/state.go:84.3,84.43 1 0
github.com/yanosea/gct/app/presentation/tui/gct-tui/model/state.go:89.35,91.2 1 0
github.com/yanosea/gct/app/presentation/tui/gct-tui/model/state.go:94.44,99.42 3 0
github.com/yanosea/gct/app/presentation/tui/gct-tui/model/state.go:99.42,102.3 2 0
github.com/yanosea/gct/app/presentation/tui/gct-tui/model/state.go:106.37,109.2 2 0
github.com/yanosea/gct/app/presentation/tui/gct-tui/model/state.go:112.39,115.2 2 0
github.com/yanosea/gct/app/presentation/tui/gct-tui/model/state.go:118.40,121.2 2 0
github.com/yanosea/gct/app/presentation/tui/gct-tui/model/state.go:124.43,127.2 2 0
github.com/yanosea/gct/app/presentation/tui/gct-tui/model/state.go:130.39,131.31 1 0
github.com/yanosea/gct/app/presentation/tui/gct-tui/model/state.go:131.31,133.3 1 0
github.com/yanosea/gct/app/presentation/tui/gct-tui/model/state.go:134.2,134.31 1 0
github.com/yanosea/gct/app/presentation/tui/gct-tui/model/state.go:138.54,141.42 3 0
github.com/yanosea/gct/app/presentation/tui/gct-tui/model/state.go:141.42,144.3 2 0
github.com/yanosea/gct/app/presentation/tui/gct-tui/model/state.go:148.34,150.2 1 0
github.com/yanosea/gct/app/presentation/tui/gct-tui/model/state.go:153.41,156.14 2 0
github.com/yanosea/gct/app/presentation/tui/gct-tui/model/state.go:157.17,159.18 2 0
github.com/yanosea/gct/app/presentation/tui/gct-tui/model/state.go:160.16,162.76 2 0
github.com/yanosea/gct/app/presentation/tui/gct-tui/model/state.go:162.76,165.4 2 0
github.com/yanosea/gct/app/presentation/tui/gct-tui/model/state.go:166.10,167.17 1 0
github.com/yanosea/gct/app/presentation/tui/gct-tui/model/state.go:172.42,174.2 1 0
github.com/yanosea/gct/app/presentation/tui/gct-tui/model/state.go:177.58,178.24 1 0
github.com/yanosea/gct/app/presentation/tui/gct-tui/model/state.go:178.24,180.17 2 0
github.com/yanosea/gct/app/presentation/tui/gct-tui/model/state.go:180.17,182.4 1 0
github.com/yanosea/gct/app/presentation/tui/gct-tui/model/state.go:183.3,183.34 1 0
github.com/yanosea/gct/app/presentation/tui/gct-tui/model/state.go:188.43,190.75 2 0
github.com/yanosea/gct/app/presentation/tui/gct-tui/model/state.go:190.75,192.3 1 0
github.com/yanosea/gct/app/presentation/tui/gct-tui/model/state.go:194.2,195.24 2 0
github.com/yanosea/gct/app/presentation/tui/gct-tui/model/state.go:195.24,197.17 2 0
github.com/yanosea/gct/app/presentation/tui/gct-tui/model/state.go:197.17,199.4 1 0
github.com/yanosea/gct/app/presentation/tui/gct-tui/model/state.go:200.3,200.36 1 0
github.com/yanosea/gct/app/presentation/tui/gct-tui/model/state.go:205.43,207.75 2 0
github.com/yanosea/gct/app/presentation/tui/gct-tui/model/state.go:207.75,209.3 1 0
github.com/yanosea/gct/app/presentation/tui/gct-tui/model/state.go:211.2,212.24 2 0
github.com/yanosea/gct/app/presentation/tui/gct-tui/model/state.go:212.24,214.17 2 0
github.com/yanosea/gct/app/presentation/tui/gct-tui/model/state.go:214.17,216.4 1 0
github.com/yanosea/gct/app/presentation/tui/gct-tui/model/state.go:217.3,217.36 1 0
github.com/yanosea/gct/app/presentation/tui/gct-tui/model/state.go:222.61,224.75 2 0
github.com/yanosea/gct/app/presentation/tui/gct-tui/model/state.go:224.75,226.3 1 0
github.com/yanosea/gct/app/presentation/tui/gct-tui/model/state.go:228.2,229.60 2 0
github.com/yanosea/gct/app/presentation/tui/gct-tui/model/state.go:229.60,230.25 1 0
github.com/yanosea/gct/app/presentation/tui/gct-tui/model/state.go:230.25,232.4 1 0
github.com/yanosea/gct/app/presentation/tui/gct-tui/model/state.go:236.2,236.24 1 0
github.com/yanosea/gct/app/presentation/tui/gct-tui/model/state.go:236.24,240.3 1 0
github.com/yanosea/gct/app/presentation/tui/gct-tui/model/state.go:244.77,248.2 3 0
github.com/yanosea/gct/app/presentation/tui/gct-tui/model/state.go:251.51,253.2 1 0
github.com/yanosea/gct/app/presentation/tui/gct-tui/model/state.go:256.52,257.33 1 0
github.com/yanosea/gct/app/presentation/tui/gct-tui/model/state.go:257.33,263.3 5 0
github.com/yanosea/gct/app/presentation/tui/gct-tui/model/state.go:264.2,264.12 1 0
github.com/yanosea/gct/app/presentation/tui/gct-tui/model/state.go:268.43,272.2 3 0
github.com/yanosea/gct/app/presentation/tui/gct-tui/model/state.go:275.42,276.16 1 0
github.com/yanosea/gct/app/presentation/tui/gct-tui/model/state.go:276.16,278.3 1 0
github.com/yanosea/gct/app/presentation/tui/gct-tui/model/state.go:278.8,280.3 1 0
github.com/yanosea/gct/app/presentation/tui/gct-tui/model/state.go:284.44,286.2 1 0
github.com/yanosea/gct/app/presentation/tui/gct-tui/model/state.go:289.35,291.2 1 0
github.com/yanosea/gct/app/presentation/tui/gct-tui/model/state.go:294.49,299.16 3 0
github.com/yanosea/gct/app/presentation/tui/gct-tui/model/state.go:299.16,301.3 1 0
github.com/yanosea/gct/app/presentation/tui/gct-tui/model/state.go:305.34,307.2 1 0
github.com/yanosea/gct/app/presentation/tui/gct-tui/model/state.go:310.35,312.2 1 0
github.com/yanosea/gct/app/presentation/tui/gct-tui/model/state.go:315.37,317.2 1 0
github.com/yanosea/gct/app/presentation/tui/gct-tui/model/state.go:320.63,321.27 1 0
github.com/yanosea/gct/app/presentation/tui/gct-tui/model/state.go:322.25,324.16 2 0
github.com/yanosea/gct/app/presentation/tui/gct-tui/model/state.go:326.18,327.29 1 0
github.com/yanosea/gct/app/presentation/tui/gct-tui/model/state.go:329.22,331.23 2 0
github.com/yanosea/gct/app/presentation/tui/gct-tui/model/state.go:331.23,333.4 1 0
github.com/yanosea/gct/app/presentation/tui/gct-tui/model/state.go:334.3,334.16 1 0
github.com/yanosea/gct/app/presentation/tui/gct-tui/model/state.go:336.20,338.26 1 0
github.com/yanosea/gct/app/presentation/tui/gct-tui/model/state.go:340.22,342.37 1 0
github.com/yanosea/gct/app/presentation/tui/gct-tui/model/state.go:342.37,343.69 1 0
github.com/yanosea/gct/app/presentation/tui/gct-tui/model/state.go:343.69,345.10 2 0
github.com/yanosea/gct/app/presentation/tui/gct-tui/model/state.go:348.3,348.16 1 0
github.com/yanosea/gct/app/presentation/tui/gct-tui/model/state.go:350.22,352.26 1 0
github.com/yanosea/gct/app/presentation/tui/gct-tui/model/state.go:354.22,356.37 1 0
github.com/yanosea/gct/app/presentation/tui/gct-tui/model/state.go:356.37,357.69 1 0
github.com/yanosea/gct/app/presentation/tui/gct-tui/model/state.go:357.69,359.10 2 0
github.com/yanosea/gct/app/presentation/tui/gct-tui/model/state.go:362.3,363.16 2 0
github.com/yanosea/gct/app/presentation/tui/gct-tui/model/state.go:365.16,368.16 3 0
github.com/yanosea/gct/app/presentation/tui/gct-tui/model/state.go:372.2,372.47 1 0
github.com/yanosea/gct/app/presentation/tui/gct-tui/model/state.go:372.47,377.3 4 0
github.com/yanosea/gct/app/presentation/tui/gct-tui/model/state.go:379.2,379.15 1 0
github.com/yanosea/gct/app/presentation/tui/gct-tui/model/state.go:383.36,385.16 1 0
github.com/yanosea/gct/app/presentation/tui/gct-tui/model/state.go:386.17,387.39 1 0
github.com/yanosea/gct/app/presentation/tui/gct-tui/model/state.go:388.16,389.40 1 0
github.com/yanosea/gct/app/presentation/tui/gct-tui/model/state.go:390.24,391.42 1 0
github.com/yanosea/gct/app/presentation/tui/gct-tui/model/state.go:392.10,395.32 3 0
github.com/yanosea/gct/app/presentation/tui/gct-tui/model/state.go:395.32,397.19 2 0
github.com/yanosea/gct/app/presentation/tui/gct-tui/model/state.go:397.19,399.5 1 0
github.com/yanosea/gct/app/presentation/tui/gct-tui/model/state.go:400.4,400.39 1 0
github.com/yanosea/gct/app/presentation/tui/gct-tui/model/state.go:402.3,402.27 1 0
github.com/yanosea/gct/app/presentation/tui/gct-tui/model/state.go:402.27,404.4 1 0
github.com/yanosea/gct/app/presentation/tui/gct-tui/model/state.go:405.3,405.14 1 0
github.com/yanosea/gct/app/presentation/tui/gct-tui/model/state.go:410.72,411.16 1 0
github.com/yanosea/gct/app/presentation/tui/gct-tui/model/state.go:412.18,413.37 1 0
github.com/yanosea/gct/app/presentation/tui/gct-tui/model/state.go:414.17,415.36 1 0
github.com/yanosea/gct/app/presentation/tui/gct-tui/model/state.go:416.16,417.35 1 0
github.com/yanosea/gct/app/presentation/tui/gct-tui/model/state.go:418.24,419.43 1 0
github.com/yanosea/gct/app/presentation/tui/gct-tui/model/state.go:421.2,421.15 1 0
github.com/yanosea/gct/app/presentation/tui/gct-tui/model/state.go:425.80,426.22 1 0
github.com/yanosea/gct/app/presentation/tui/gct-tui/model/state.go:427.21,428.21 1 0
github.com/yanosea/gct/app/presentation/tui/gct-tui/model/state.go:429.17,431.16 2 0
github.com/yanosea/gct/app/presentation/tui/gct-tui/model/state.go:432.19,434.16 2 0
github.com/yanosea/gct/app/presentation/tui/gct-tui/model/state.go:435.11,437.16 2 0
github.com/yanosea/gct/app/presentation/tui/gct-tui/model/state.go:438.11,440.16 2 0
github.com/yanosea/gct/app/presentation/tui/gct-tui/model/state.go:441.11,442.27 1 0
github.com/yanosea/gct/app/presentation/tui/gct-tui/model/state.go:443.11,445.16 2 0
github.com/yanosea/gct/app/presentation/tui/gct-tui/model/state.go:446.11,447.23 1 0
github.com/yanosea/gct/app/presentation/tui/gct-tui/model/state.go:447.23,449.4 1 0
github.com/yanosea/gct/app/presentation/tui/gct-tui/model/state.go:450.3,450.16 1 0
github.com/yanosea/gct/app/presentation/tui/gct-tui/model/state.go:451.11,453.63 2 0
github.com/yanosea/gct/app/presentation/tui/gct-tui/model/state.go:453.63,455.19 2 0
github.com/yanosea/gct/app/presentation/tui/gct-tui/model/state.go:455.19,460.5 1 0
github.com/yanosea/gct/app/presentation/tui/gct-tui/model/state.go:462.3,462.16 1 0
github.com/yanosea/gct/app/presentation/tui/gct-tui/model/state.go:463.11,464.26 1 0
github.com/yanosea/gct/app/presentation/tui/gct-tui/model/state.go:465.13,467.16 2 0
github.com/yanosea/gct/app/presentation/tui/gct-tui/model/state.go:469.2,469.15 1 0
github.com/yanosea/gct/app/presentation/tui/gct-tui/model/state.go:473.79,474.22 1 0
github.com/yanosea/gct/app/presentation/tui/gct-tui/model/state.go:475.15,477.24 2 0
github.com/yanosea/gct/app/presentation/tui/gct-tui/model/state.go:477.24,480.4 2 0
github.com/yanosea/gct/app/presentation/tui/gct-tui/model/state.go:481.3,481.16 1 0
github.com/yanosea/gct/app/presentation/tui/gct-tui/model/state.go:482.13,484.16 2 0
github.com/yanosea/gct/app/presentation/tui/gct-tui/model/state.go:486.2,486.15 1 0
github.com/yanosea/gct/app/presentation/tui/gct-tui/model/state.go:490.78,491.22 1 0
github.com/yanosea/gct/app/presentation/tui/gct-tui/model/state.go:492.15,494.24 2 0
github.com/yanosea/gct/app/presentation/tui/gct-tui/model/state.go:494.24,496.4 1 0
github.com/yanosea/gct/app/presentation/tui/gct-tui/model/state.go:497.3,497.16 1 0
github.com/yanosea/gct/app/presentation/tui/gct-tui/model/state.go:498.13,500.16 2 0
github.com/yanosea/gct/app/presentation/tui/gct-tui/model/state.go:502.2,502.15 1 0
github.com/yanosea/gct/app/presentation/tui/gct-tui/model/state.go:506.86,507.22 1 0
github.com/yanosea/gct/app/presentation/tui/gct-tui/model/state.go:508.16,509.36 1 0
github.com/yanosea/gct/app/presentation/tui/gct-tui/model/state.go:510.23,512.16 2 0
github.com/yanosea/gct/app/presentation/tui/gct-tui/model/state.go:514.2,514.15 1 0
github.com/yanosea/gct/app/presentation/tui/gct-tui/view/footer.go:17.51,23.2 1 0
github.com/yanosea/gct/app/presentation/tui/gct-tui/view/footer.go:26.77,29.2 2 0
github.com/yanosea/gct/app/presentation/tui/gct-tui/view/footer.go:32.84,35.2 2 0
github.com/yanosea/gct/app/presentation/tui/gct-tui/view/footer.go:38.120,49.2 3 0
github.com/yanosea/gct/app/presentation/tui/gct-tui/view/footer.go:52.58,53.14 1 0
github.com/yanosea/gct/app/presentation/tui/gct-tui/view/footer.go:54.23,55.38 1 0
github.com/yanosea/gct/app/presentation/tui/gct-tui/view/footer.go:56.22,57.39 1 0
github.com/yanosea/gct/app/presentation/tui/gct-tui/view/footer.go:58.30,59.32 1 0
github.com/yanosea/gct/app/presentation/tui/gct-tui/view/footer.go:60.10,61.144 1 0
github.com/yanosea/gct/app/presentation/tui/gct-tui/view/footer.go:66.65,67.14 1 0
github.com/yanosea/gct/app/presentation/tui/gct-tui/view/footer.go:68.23,69.32 1 0
github.com/yanosea/gct/app/presentation/tui/gct-tui/view/footer.go:70.22,71.33 1 0
github.com/yanosea/gct/app/presentation/tui/gct-tui/view/footer.go:72.30,73.22 1 0
github.com/yanosea/gct/app/presentation/tui/gct-tui/view/footer.go:74.10,75.62 1 0
github.com/yanosea/gct/app/presentation/tui/gct-tui/view/footer.go:80.93,83.27 2 0
github.com/yanosea/gct/app/presentation/tui/gct-tui/view/footer.go:84.24,89.4 1 0
github.com/yanosea/gct/app/presentation/tui/gct-tui/view/footer.go:90.23,94.4 1 0
github.com/yanosea/gct/app/presentation/tui/gct-tui/view/footer.go:95.22,99.4 1 0
github.com/yanosea/gct/app/presentation/tui/gct-tui/view/footer.go:100.30,104.4 1 0
github.com/yanosea/gct/app/presentation/tui/gct-tui/view/footer.go:107.2,108.33 2 0
github.com/yanosea/gct/app/presentation/tui/gct-tui/view/footer.go:108.33,109.12 1 0
github.com/yanosea/gct/app/presentation/tui/gct-tui/view/footer.go:109.12,111.4 1 0
github.com/yanosea/gct/app/presentation/tui/gct-tui/view/footer.go:112.3,112.38 1 0
github.com/yanosea/gct/app/presentation/tui/gct-tui/view/footer.go:115.2,115.51 1 0
github.com/yanosea/gct/app/presentation/tui/gct-tui/view/footer.go:119.38,121.2 1 0
github.com/yanosea/gct/app/presentation/tui/gct-tui/view/footer.go:124.61,125.14 1 0
github.com/yanosea/gct/app/presentation/tui/gct-tui/view/footer.go:126.24,127.11 1 0
github.com/yanosea/gct/app/presentation/tui/gct-tui/view/footer.go:128.10,129.11 1 0
github.com/yanosea/gct/app/presentation/tui/gct-tui/view/footer.go:134.50,136.2 1 0
github.com/yanosea/gct/app/presentation/tui/gct-tui/view/footer.go:139.54,141.2 1 0
github.com/yanosea/gct/app/presentation/tui/gct-tui/view/header.go:19.51,24.2 1 0
github.com/yanosea/gct/app/presentation/tui/gct-tui/view/header.go:27.77,36.23 6 0
github.com/yanosea/gct/app/presentation/tui/gct-tui/view/header.go:36.23,38.3 1 0
github.com/yanosea/gct/app/presentation/tui/gct-tui/view/header.go:39.2,46.57 2 0
github.com/yanosea/gct/app/presentation/tui/gct-tui/view/header.go:50.84,59.23 6 0
github.com/yanosea/gct/app/presentation/tui/gct-tui/view/header.go:59.23,61.3 1 0
github.com/yanosea/gct/app/presentation/tui/gct-tui/view/header.go:62.2,69.57 2 0
github.com/yanosea/gct/app/presentation/tui/gct-tui/view/header.go:73.85,84.23 7 0
github.com/yanosea/gct/app/presentation/tui/gct-tui/view/header.go:84.23,86.3 1 0
github.com/yanosea/gct/app/presentation/tui/gct-tui/view/header.go:87.2,94.57 2 0
github.com/yanosea/gct/app/presentation/tui/gct-tui/view/header.go:98.70,100.29 2 0
github.com/yanosea/gct/app/presentation/tui/gct-tui/view/header.go:100.29,101.45 1 0
github.com/yanosea/gct/app/presentation/tui/gct-tui/view/header.go:101.45,103.4 1 0
github.com/yanosea/gct/app/presentation/tui/gct-tui/view/header.go:105.2,105.14 1 0
github.com/yanosea/gct/app/presentation/tui/gct-tui/view/header.go:109.63,110.14 1 0
github.com/yanosea/gct/app/presentation/tui/gct-tui/view/header.go:111.23,112.15 1 0
github.com/yanosea/gct/app/presentation/tui/gct-tui/view/header.go:113.22,114.16 1 0
github.com/yanosea/gct/app/presentation/tui/gct-tui/view/header.go:115.30,116.19 1 0
github.com/yanosea/gct/app/presentation/tui/gct-tui/view/header.go:117.10,118.18 1 0
github.com/yanosea/gct/app/presentation/tui/gct-tui/view/header.go:123.38,125.2 1 0
github.com/yanosea/gct/app/presentation/tui/gct-tui/view/header.go:128.50,130.2 1 0
github.com/yanosea/gct/app/presentation/tui/gct-tui/view/item.go:21.47,29.2 1 0
github.com/yanosea/gct/app/presentation/tui/gct-tui/view/item.go:32.72,33.39 1 0
github.com/yanosea/gct/app/presentation/tui/gct-tui/view/item.go:33.39,35.3 1 0
github.com/yanosea/gct/app/presentation/tui/gct-tui/view/item.go:37.2,41.15 3 0
github.com/yanosea/gct/app/presentation/tui/gct-tui/view/item.go:41.15,43.3 1 0
github.com/yanosea/gct/app/presentation/tui/gct-tui/view/item.go:46.2,52.15 3 0
github.com/yanosea/gct/app/presentation/tui/gct-tui/view/item.go:52.15,54.3 1 0
github.com/yanosea/gct/app/presentation/tui/gct-tui/view/item.go:56.2,56.30 1 0
github.com/yanosea/gct/app/presentation/tui/gct-tui/view/item.go:60.102,61.39 1 0
github.com/yanosea/gct/app/presentation/tui/gct-tui/view/item.go:61.39,63.3 1 0
github.com/yanosea/gct/app/presentation/tui/gct-tui/view/item.go:65.2,69.15 3 0
github.com/yanosea/gct/app/presentation/tui/gct-tui/view/item.go:69.15,71.3 1 0
github.com/yanosea/gct/app/presentation/tui/gct-tui/view/item.go:74.2,75.16 2 0
github.com/yanosea/gct/app/presentation/tui/gct-tui/view/item.go:75.16,77.3 1 0
github.com/yanosea/gct/app/presentation/tui/gct-tui/view/item.go:80.2,86.15 3 0
github.com/yanosea/gct/app/presentation/tui/gct-tui/view/item.go:86.15,88.3 1 0
github.com/yanosea/gct/app/presentation/tui/gct-tui/view/item.go:90.2,90.30 1 0
github.com/yanosea/gct/app/presentation/tui/gct-tui/view/item.go:94.96,95.39 1 0
github.com/yanosea/gct/app/presentation/tui/gct-tui/view/item.go:95.39,97.3 1 0
github.com/yanosea/gct/app/presentation/tui/gct-tui/view/item.go:99.2,103.15 3 0
github.com/yanosea/gct/app/presentation/tui/gct-tui/view/item.go:103.15,105.3 1 0
github.com/yanosea/gct/app/presentation/tui/gct-tui/view/item.go:108.2,109.16 2 0
github.com/yanosea/gct/app/presentation/tui/gct-tui/view/item.go:109.16,111.3 1 0
github.com/yanosea/gct/app/presentation/tui/gct-tui/view/item.go:114.2,116.59 3 0
github.com/yanosea/gct/app/presentation/tui/gct-tui/view/item.go:116.59,118.3 1 0
github.com/yanosea/gct/app/presentation/tui/gct-tui/view/item.go:120.2,124.16 3 0
github.com/yanosea/gct/app/presentation/tui/gct-tui/view/item.go:124.16,126.3 1 0
github.com/yanosea/gct/app/presentation/tui/gct-tui/view/item.go:127.2,127.15 1 0
github.com/yanosea/gct/app/presentation/tui/gct-tui/view/item.go:127.15,129.3 1 0
github.com/yanosea/gct/app/presentation/tui/gct-tui/view/item.go:131.2,131.30 1 0
github.com/yanosea/gct/app/presentation/tui/gct-tui/view/item.go:135.68,136.22 1 0
github.com/yanosea/gct/app/presentation/tui/gct-tui/view/item.go:136.22,138.3 1 0
github.com/yanosea/gct/app/presentation/tui/gct-tui/view/item.go:140.2,140.22 1 0
github.com/yanosea/gct/app/presentation/tui/gct-tui/view/item.go:140.22,142.3 1 0
github.com/yanosea/gct/app/presentation/tui/gct-tui/view/item.go:144.2,144.23 1 0
github.com/yanosea/gct/app/presentation/tui/gct-tui/view/item.go:144.23,146.3 1 0
github.com/yanosea/gct/app/presentation/tui/gct-tui/view/item.go:148.2,148.22 1 0
github.com/yanosea/gct/app/presentation/tui/gct-tui/view/item.go:152.98,155.22 2 0
github.com/yanosea/gct/app/presentation/tui/gct-tui/view/item.go:155.22,157.3 1 0
github.com/yanosea/gct/app/presentation/tui/gct-tui/view/item.go:159.2,159.16 1 0
github.com/yanosea/gct/app/presentation/tui/gct-tui/view/item.go:159.16,162.3 1 0
github.com/yanosea/gct/app/presentation/tui/gct-tui/view/item.go:164.2,164.22 1 0
github.com/yanosea/gct/app/presentation/tui/gct-tui/view/item.go:164.22,167.3 1 0
github.com/yanosea/gct/app/presentation/tui/gct-tui/view/item.go:169.2,169.18 1 0
github.com/yanosea/gct/app/presentation/tui/gct-tui/view/item.go:173.61,174.17 1 0
github.com/yanosea/gct/app/presentation/tui/gct-tui/view/item.go:174.17,176.3 1 0
github.com/yanosea/gct/app/presentation/tui/gct-tui/view/item.go:179.2,179.22 1 0
github.com/yanosea/gct/app/presentation/tui/gct-tui/view/item.go:179.22,181.3 1 0
github.com/yanosea/gct/app/presentation/tui/gct-tui/view/item.go:183.2,183.10 1 0
github.com/yanosea/gct/app/presentation/tui/gct-tui/view/item.go:187.42,189.2 1 0
github.com/yanosea/gct/app/presentation/tui/gct-tui/view/item.go:192.75,196.10 3 0
github.com/yanosea/gct/app/presentation/tui/gct-tui/view/item.go:196.10,199.3 2 0
github.com/yanosea/gct/app/presentation/tui/gct-tui/view/item.go:199.8,202.3 2 0
github.com/yanosea/gct/app/presentation/tui/gct-tui/view/item.go:204.2,204.14 1 0
github.com/yanosea/gct/app/presentation/tui/gct-tui/view/item.go:204.14,206.3 1 0
github.com/yanosea/gct/app/presentation/tui/gct-tui/view/item.go:208.2,208.44 1 0
github.com/yanosea/gct/app/presentation/tui/gct-tui/view/item.go:212.67,213.14 1 0
github.com/yanosea/gct/app/presentation/tui/gct-tui/view/item.go:213.14,218.3 1 0
github.com/yanosea/gct/app/presentation/tui/gct-tui/view/item.go:219.2,219.12 1 0
github.com/yanosea/gct/app/presentation/tui/gct-tui/view/layout.go:29.71,46.2 4 0
github.com/yanosea/gct/app/presentation/tui/gct-tui/view/layout.go:49.66,65.2 6 0
github.com/yanosea/gct/app/presentation/tui/gct-tui/view/layout.go:68.92,69.27 1 0
github.com/yanosea/gct/app/presentation/tui/gct-tui/view/layout.go:70.23,71.54 1 0
github.com/yanosea/gct/app/presentation/tui/gct-tui/view/layout.go:72.22,73.53 1 0
github.com/yanosea/gct/app/presentation/tui/gct-tui/view/layout.go:74.30,75.61 1 0
github.com/yanosea/gct/app/presentation/tui/gct-tui/view/layout.go:76.10,77.55 1 0
github.com/yanosea/gct/app/presentation/tui/gct-tui/view/layout.go:82.95,87.59 2 0
github.com/yanosea/gct/app/presentation/tui/gct-tui/view/layout.go:87.59,89.3 1 0
github.com/yanosea/gct/app/presentation/tui/gct-tui/view/layout.go:91.2,91.16 1 0
github.com/yanosea/gct/app/presentation/tui/gct-tui/view/layout.go:95.94,113.2 4 0
github.com/yanosea/gct/app/presentation/tui/gct-tui/view/layout.go:116.93,122.84 4 0
github.com/yanosea/gct/app/presentation/tui/gct-tui/view/layout.go:122.84,123.61 1 0
github.com/yanosea/gct/app/presentation/tui/gct-tui/view/layout.go:123.61,125.4 1 0
github.com/yanosea/gct/app/presentation/tui/gct-tui/view/layout.go:128.2,142.18 2 0
github.com/yanosea/gct/app/presentation/tui/gct-tui/view/layout.go:146.101,162.2 3 0
github.com/yanosea/gct/app/presentation/tui/gct-tui/view/layout.go:165.73,174.27 5 0
github.com/yanosea/gct/app/presentation/tui/gct-tui/view/layout.go:175.23,176.48 1 0
github.com/yanosea/gct/app/presentation/tui/gct-tui/view/layout.go:177.22,178.49 1 0
github.com/yanosea/gct/app/presentation/tui/gct-tui/view/layout.go:179.30,180.56 1 0
github.com/yanosea/gct/app/presentation/tui/gct-tui/view/layout.go:181.10,182.66 1 0
github.com/yanosea/gct/app/presentation/tui/gct-tui/view/layout.go:186.2,193.3 2 0
github.com/yanosea/gct/app/presentation/tui/gct-tui/view/layout.go:197.59,199.2 1 0
github.com/yanosea/gct/app/presentation/tui/gct-tui/view/layout.go:202.60,205.2 2 0
github.com/yanosea/gct/app/presentation/tui/gct-tui/view/layout.go:208.92,212.21 3 0
github.com/yanosea/gct/app/presentation/tui/gct-tui/view/layout.go:212.21,214.3 1 0
github.com/yanosea/gct/app/presentation/tui/gct-tui/view/layout.go:217.2,218.21 2 0
github.com/yanosea/gct/app/presentation/tui/gct-tui/view/layout.go:218.21,220.3 1 0
github.com/yanosea/gct/app/presentation/tui/gct-tui/view/layout.go:223.2,224.19 2 0
github.com/yanosea/gct/app/presentation/tui/gct-tui/view/layout.go:224.19,226.3 1 0
github.com/yanosea/gct/app/presentation/tui/gct-tui/view/layout.go:228.2,231.48 3 0
github.com/yanosea/gct/app/presentation/tui/gct-tui/view/layout.go:231.48,233.3 1 0
github.com/yanosea/gct/app/presentation/tui/gct-tui/view/layout.go:235.2,235.38 1 0
github.com/yanosea/gct/app/presentation/tui/gct-tui/view/list.go:20.67,27.2 1 0
github.com/yanosea/gct/app/presentation/tui/gct-tui/view/list.go:30.83,33.21 2 0
github.com/yanosea/gct/app/presentation/tui/gct-tui/view/list.go:33.21,35.3 1 0
github.com/yanosea/gct/app/presentation/tui/gct-tui/view/list.go:37.2,37.52 1 0
github.com/yanosea/gct/app/presentation/tui/gct-tui/view/list.go:41.90,44.21 2 0
github.com/yanosea/gct/app/presentation/tui/gct-tui/view/list.go:44.21,46.3 1 0
github.com/yanosea/gct/app/presentation/tui/gct-tui/view/list.go:48.2,54.59 5 0
github.com/yanosea/gct/app/presentation/tui/gct-tui/view/list.go:54.59,58.3 3 0
github.com/yanosea/gct/app/presentation/tui/gct-tui/view/list.go:60.2,60.38 1 0
github.com/yanosea/gct/app/presentation/tui/gct-tui/view/list.go:64.97,67.21 2 0
github.com/yanosea/gct/app/presentation/tui/gct-tui/view/list.go:67.21,69.3 1 0
github.com/yanosea/gct/app/presentation/tui/gct-tui/view/list.go:71.2,79.59 5 0
github.com/yanosea/gct/app/presentation/tui/gct-tui/view/list.go:79.59,83.3 3 0
github.com/yanosea/gct/app/presentation/tui/gct-tui/view/list.go:85.2,88.20 2 0
github.com/yanosea/gct/app/presentation/tui/gct-tui/view/list.go:88.20,90.3 1 0
github.com/yanosea/gct/app/presentation/tui/gct-tui/view/list.go:92.2,92.27 1 0
github.com/yanosea/gct/app/presentation/tui/gct-tui/view/list.go:92.27,94.3 1 0
github.com/yanosea/gct/app/presentation/tui/gct-tui/view/list.go:96.2,96.67 1 0
github.com/yanosea/gct/app/presentation/tui/gct-tui/view/list.go:100.63,109.2 2 0
github.com/yanosea/gct/app/presentation/tui/gct-tui/view/list.go:112.91,121.59 6 0
github.com/yanosea/gct/app/presentation/tui/gct-tui/view/list.go:121.59,125.3 3 0
github.com/yanosea/gct/app/presentation/tui/gct-tui/view/list.go:127.2,129.67 2 0
github.com/yanosea/gct/app/presentation/tui/gct-tui/view/list.go:133.92,134.33 1 0
github.com/yanosea/gct/app/presentation/tui/gct-tui/view/list.go:134.33,136.3 1 0
github.com/yanosea/gct/app/presentation/tui/gct-tui/view/list.go:139.2,142.20 3 0
github.com/yanosea/gct/app/presentation/tui/gct-tui/view/list.go:142.20,144.3 1 0
github.com/yanosea/gct/app/presentation/tui/gct-tui/view/list.go:146.2,147.27 2 0
github.com/yanosea/gct/app/presentation/tui/gct-tui/view/list.go:147.27,150.21 3 0
github.com/yanosea/gct/app/presentation/tui/gct-tui/view/list.go:150.21,152.4 1 0
github.com/yanosea/gct/app/presentation/tui/gct-tui/view/list.go:155.2,155.29 1 0
github.com/yanosea/gct/app/presentation/tui/gct-tui/view/list.go:159.90,163.21 3 0
github.com/yanosea/gct/app/presentation/tui/gct-tui/view/list.go:163.21,165.3 1 0
github.com/yanosea/gct/app/presentation/tui/gct-tui/view/list.go:168.2,169.21 2 0
github.com/yanosea/gct/app/presentation/tui/gct-tui/view/list.go:169.21,171.3 1 0
github.com/yanosea/gct/app/presentation/tui/gct-tui/view/list.go:174.2,175.19 2 0
github.com/yanosea/gct/app/presentation/tui/gct-tui/view/list.go:175.19,177.3 1 0
github.com/yanosea/gct/app/presentation/tui/gct-tui/view/list.go:179.2,182.48 3 0
github.com/yanosea/gct/app/presentation/tui/gct-tui/view/list.go:182.48,184.3 1 0
github.com/yanosea/gct/app/presentation/tui/gct-tui/view/list.go:186.2,186.80 1 0
github.com/yanosea/gct/app/presentation/tui/gct-tui/view/list.go:190.56,192.2 1 0
github.com/yanosea/gct/app/presentation/tui/gct-tui/view/list.go:195.69,199.29 3 0
github.com/yanosea/gct/app/presentation/tui/gct-tui/view/list.go:199.29,201.3 1 0
github.com/yanosea/gct/app/presentation/tui/gct-tui/view/list.go:203.2,203.24 1 0
github.com/yanosea/gct/app/presentation/tui/gct-tui/view/list.go:207.80,209.2 1 0
github.com/yanosea/gct/app/presentation/tui/gct-tui/view/list.go:212.55,214.2 1 0
github.com/yanosea/gct/app/presentation/tui/gct-tui/view/list.go:217.53,219.2 1 0
